<?xml version="1.0" encoding="UTF-8"?>
<!-- Generated by org.testng.reporters.JUnitReportReporter -->
<testsuite hostname="Williamss-MacBook-Air.local" name="com.primusbank.testcases.AdminLoginTest" tests="1" failures="0" timestamp="25 Jul 2017 11:50:22 GMT" time="5.184" errors="0">
  <testcase name="AdminLogin" time="5.184" classname="com.primusbank.testcases.AdminLoginTest"/>
</testsuite> <!-- com.primusbank.testcases.AdminLoginTest -->
