<?xml version="1.0" encoding="UTF-8"?>
<!-- Generated by org.testng.reporters.JUnitReportReporter -->
<testsuite hostname="Williamss-MacBook-Air.local" name="com.primusbank.testcases.BankerLoginTestDDF" tests="3" failures="0" timestamp="29 Jul 2017 10:59:04 GMT" time="5.854" errors="0">
  <testcase name="bankerLoginTest" time="2.166" classname="com.primusbank.testcases.BankerLoginTestDDF"/>
  <testcase name="bankerLoginTest" time="1.841" classname="com.primusbank.testcases.BankerLoginTestDDF"/>
  <testcase name="bankerLoginTest" time="1.847" classname="com.primusbank.testcases.BankerLoginTestDDF"/>
</testsuite> <!-- com.primusbank.testcases.BankerLoginTestDDF -->
