<?xml version="1.0" encoding="UTF-8"?>
<!-- Generated by org.testng.reporters.JUnitReportReporter -->
<testsuite hostname="Williamss-MacBook-Air.local" name="com.primusbank.testcases.BranchCreationTest" tests="1" failures="0" timestamp="25 Jul 2017 11:50:32 GMT" time="13.913" errors="0">
  <testcase name="branchCreationTest" time="13.913" classname="com.primusbank.testcases.BranchCreationTest"/>
</testsuite> <!-- com.primusbank.testcases.BranchCreationTest -->
