<?xml version="1.0" encoding="UTF-8"?>
<!-- Generated by org.testng.reporters.JUnitReportReporter -->
<testsuite hostname="Williamss-MacBook-Air.local" name="com.primusbank.testcases.BankerLoginTest" tests="1" failures="0" timestamp="25 Jul 2017 11:50:27 GMT" time="1.625" errors="0">
  <testcase name="bankLoginTest" time="1.625" classname="com.primusbank.testcases.BankerLoginTest"/>
</testsuite> <!-- com.primusbank.testcases.BankerLoginTest -->
