<?xml version="1.0" encoding="UTF-8"?>
<!-- Generated by org.testng.reporters.JUnitReportReporter -->
<testsuite hostname="Williamss-MacBook-Air.local" name="com.primusbank.testcases.AdminLoginTestDDF" tests="1" failures="0" timestamp="31 Jul 2017 14:19:39 GMT" time="2.562" errors="0">
  <testcase name="adminLoginTest" time="2.562" classname="com.primusbank.testcases.AdminLoginTestDDF"/>
</testsuite> <!-- com.primusbank.testcases.AdminLoginTestDDF -->
